<?xml version="1.0" encoding="UTF-8"?>
<!-- Generated by org.testng.reporters.JUnitXMLReporter -->
<testsuite hostname="ICPL12426" ignored="1" name="BDD Test" tests="8" failures="0" timestamp="19 Jan 2018 11:56:26 GMT" time="599.493" errors="0">
  <testcase name="AddidasOrderVerification" time="91.28" classname="com.qmetry.qaf.automation.step.client.DataDrivenScenario"/>
  <testcase name="AddidasOrderVerification" time="64.948" classname="com.qmetry.qaf.automation.step.client.DataDrivenScenario"/>
  <testcase name="AddidasOrderVerification" time="69.574" classname="com.qmetry.qaf.automation.step.client.DataDrivenScenario"/>
  <testcase name="AddidasOrderVerification" time="73.827" classname="com.qmetry.qaf.automation.step.client.DataDrivenScenario"/>
  <testcase name="AddidasOrderVerification" time="73.404" classname="com.qmetry.qaf.automation.step.client.DataDrivenScenario"/>
  <testcase name="AddidasOrderVerification" time="73.729" classname="com.qmetry.qaf.automation.step.client.DataDrivenScenario"/>
  <testcase name="AddidasOrderVerification" time="76.268" classname="com.qmetry.qaf.automation.step.client.DataDrivenScenario"/>
  <testcase name="AddidasOrderVerification" time="74.1" classname="com.qmetry.qaf.automation.step.client.DataDrivenScenario"/>
  <testcase name="AddidasOrderVerification" time="0.0" classname="com.qmetry.qaf.automation.step.client.DataDrivenScenario">
    <ignored/>
  </testcase> <!-- AddidasOrderVerification -->
</testsuite> <!-- BDD Test -->
