<?xml version="1.0" encoding="UTF-8"?>
<!-- Generated by org.testng.reporters.JUnitXMLReporter -->
<testsuite hostname="ICPL12426" ignored="1" name="BDD Test" tests="9" failures="0" timestamp="17 Jan 2018 11:58:41 GMT" time="745.949" errors="0">
  <testcase name="AddidasOrderVerification" time="94.265" classname="com.qmetry.qaf.automation.step.client.DataDrivenScenario"/>
  <testcase name="AddidasOrderVerification" time="72.049" classname="com.qmetry.qaf.automation.step.client.DataDrivenScenario"/>
  <testcase name="AddidasOrderVerification" time="74.423" classname="com.qmetry.qaf.automation.step.client.DataDrivenScenario"/>
  <testcase name="AddidasOrderVerification" time="77.397" classname="com.qmetry.qaf.automation.step.client.DataDrivenScenario"/>
  <testcase name="AddidasOrderVerification" time="77.043" classname="com.qmetry.qaf.automation.step.client.DataDrivenScenario"/>
  <testcase name="AddidasOrderVerification" time="74.915" classname="com.qmetry.qaf.automation.step.client.DataDrivenScenario"/>
  <testcase name="AddidasOrderVerification" time="78.771" classname="com.qmetry.qaf.automation.step.client.DataDrivenScenario"/>
  <testcase name="AddidasOrderVerification" time="77.826" classname="com.qmetry.qaf.automation.step.client.DataDrivenScenario"/>
  <testcase name="AddidasOrderVerification" time="116.64" classname="com.qmetry.qaf.automation.step.client.DataDrivenScenario"/>
  <testcase name="AddidasOrderVerification" time="0.0" classname="com.qmetry.qaf.automation.step.client.DataDrivenScenario">
    <ignored/>
  </testcase> <!-- AddidasOrderVerification -->
</testsuite> <!-- BDD Test -->
